<?xml version="1.0" encoding="utf-8"?>
<TestRun id="c097f3c1-040e-4b44-9cf9-e512fd6105f5" name="Mutahir@YAP-L-41-WIN11- 2026-03-10 13:59:08" runUser="YAP-L-41-WIN11-\Mutahir" xmlns="http://microsoft.com/schemas/VisualStudio/TeamTest/2010">
  <Times creation="2026-03-10T13:59:08.8052738+05:00" queuing="2026-03-10T13:59:08.8052743+05:00" start="2026-03-10T13:58:02.5831532+05:00" finish="2026-03-10T13:59:49.7508758+05:00" />
  <TestSettings name="default" id="4bfcc2d9-fe06-409a-8939-43fd7d68a856">
    <Deployment runDeploymentRoot="Mutahir_YAP-L-41-WIN11-_2026-03-10_13_59_08" />
  </TestSettings>
  <Results>
    <UnitTestResult executionId="515d892b-5ac3-4165-9998-1d0bdca8881a" testId="d224cf62-a072-2033-5d80-98a09bc9781a" testName="CompleteSignInFlow" computerName="YAP-L-41-WIN11-" duration="00:01:05.1527420" startTime="2026-03-10T13:58:03.5990585+05:00" endTime="2026-03-10T13:59:08.7517363+05:00" testType="13cdc9d9-ddb5-4fa4-a97d-d965ccfc6d4b" outcome="Failed" testListId="8c84fa94-04c1-424b-9868-57a2d4851a1d" relativeResultsDirectory="515d892b-5ac3-4165-9998-1d0bdca8881a">
      <Output>
        <StdOut>App launched successfully.&#xD;
Mobile number entered: 3364646412&#xD;
Sign In button clicked.&#xD;
Clearing previous passcode...&#xD;
No clear button found, will overwrite digits.&#xD;
Digit 0 clicked.&#xD;
Digit 9 clicked.&#xD;
Digit 8 clicked.&#xD;
Digit 7 clicked.&#xD;
Passcode entered: 0987&#xD;
Sign In button clicked.&#xD;
"No, thanks" button not found, skipping.&#xD;
Confirmation button not found, skipping.&#xD;
Driver not disposed, app remains open for manual testing.</StdOut>
        <ErrorInfo>
          <Message>OpenQA.Selenium.WebDriverTimeoutException : Timed out after 15 seconds&#xD;
  ----&gt; OpenQA.Selenium.NoSuchElementException : An element could not be located on the page using the given search parameters.; For documentation on this error, please visit: https://www.selenium.dev/documentation/webdriver/troubleshooting/errors#nosuchelementexception</Message>
          <StackTrace>   at OpenQA.Selenium.Support.UI.DefaultWait`1.ThrowTimeoutException(String exceptionMessage, Exception lastException)&#xD;
   at OpenQA.Selenium.Support.UI.DefaultWait`1.Until[TResult](Func`2 condition, CancellationToken token)&#xD;
   at OpenQA.Selenium.Support.UI.DefaultWait`1.Until[TResult](Func`2 condition)&#xD;
   at POM_Mobile_App_Automate_Stage.All_Pages.DashboardFirstTimeKYCPendingZeroBalance.ClickOnBalanceEye() in C:\Users\Mutahir\source\repos\POM_Mobile_App_Automate_Stage\All_Pages\DashboardFirstTimeKYCPendingZeroBalance.cs:line 25&#xD;
   at POM_Mobile_App_Automate_Stage.CompleteMethod.MainDashboardFirstTimeKYCPendingZeroBalance.CompleteSignInFlow() in C:\Users\Mutahir\source\repos\POM_Mobile_App_Automate_Stage\CompleteMethod\MainMethodsALL.cs:line 184&#xD;
--NoSuchElementException&#xD;
   at OpenQA.Selenium.WebDriver.UnpackAndThrowOnError(Response errorResponse, String commandToExecute)&#xD;
   at OpenQA.Selenium.WebDriver.ExecuteAsync(String driverCommandToExecute, Dictionary`2 parameters)&#xD;
   at OpenQA.Selenium.WebDriver.Execute(String driverCommandToExecute, Dictionary`2 parameters)&#xD;
   at OpenQA.Selenium.WebDriver.FindElement(String mechanism, String value)&#xD;
   at OpenQA.Selenium.Appium.AppiumDriver.FindElement(String by, String value)&#xD;
   at OpenQA.Selenium.Appium.MobileBy.FindElement(ISearchContext context)&#xD;
   at POM_Mobile_App_Automate_Stage.All_Pages.DashboardFirstTimeKYCPendingZeroBalance.&lt;ClickOnBalanceEye&gt;b__4_0(IWebDriver d) in C:\Users\Mutahir\source\repos\POM_Mobile_App_Automate_Stage\All_Pages\DashboardFirstTimeKYCPendingZeroBalance.cs:line 27&#xD;
   at OpenQA.Selenium.Support.UI.DefaultWait`1.Until[TResult](Func`2 condition, CancellationToken token)
</StackTrace>
        </ErrorInfo>
      </Output>
    </UnitTestResult>
    <UnitTestResult executionId="fd477cac-a98c-47a6-a026-0a91a23a7efd" testId="565c81ce-f46c-5348-7689-67980c5ea5e1" testName="CompleteSignInFlow" computerName="YAP-L-41-WIN11-" duration="00:00:40.9111290" startTime="2026-03-10T13:59:08.7556209+05:00" endTime="2026-03-10T13:59:49.6667495+05:00" testType="13cdc9d9-ddb5-4fa4-a97d-d965ccfc6d4b" outcome="Failed" testListId="8c84fa94-04c1-424b-9868-57a2d4851a1d" relativeResultsDirectory="fd477cac-a98c-47a6-a026-0a91a23a7efd">
      <Output>
        <StdOut>App launched successfully.&#xD;
[RecordingScript] Starting continuous screen recording...&#xD;
[RecordingScript] Temp segments folder: C:\Users\Mutahir\AppData\Local\Temp\adb_rec_20260310_135915&#xD;
[RecordingScript] Recording segment 1 → /sdcard/rec_seg_0000.mp4&#xD;
Mobile number entered: 3211111111&#xD;
Remember ID switch toggled twice.&#xD;
Sign In button clicked.&#xD;
Digit 0 clicked.&#xD;
Digit 9 clicked.&#xD;
Digit 8 clicked.&#xD;
[RecordingScript] Stopping recording...&#xD;
[RecordingScript] Pulling segment 1...&#xD;
[RecordingScript] Segment 1 pulled (441 KB)&#xD;
[RecordingScript] Rotator loop finished.&#xD;
[RecordingScript] Video saved to: D:\ScreenshotFailed\ScriptVideo\CompleteSignInFlow_20260310_135949.mp4&#xD;
[TearDown] Test FAILED – capturing screenshot.&#xD;
[RecordingFailedScreenshots] Screenshot saved to: D:\ScreenshotFailed\FAILED_CompleteSignInFlow_20260310_135949.png&#xD;
TearDown executed. Driver left open, app remains running.</StdOut>
        <ErrorInfo>
          <Message>OpenQA.Selenium.WebDriverTimeoutException : Timed out after 10 seconds&#xD;
  ----&gt; OpenQA.Selenium.NoSuchElementException : An element could not be located on the page using the given search parameters.; For documentation on this error, please visit: https://www.selenium.dev/documentation/webdriver/troubleshooting/errors#nosuchelementexception</Message>
          <StackTrace>   at OpenQA.Selenium.Support.UI.DefaultWait`1.ThrowTimeoutException(String exceptionMessage, Exception lastException)&#xD;
   at OpenQA.Selenium.Support.UI.DefaultWait`1.Until[TResult](Func`2 condition, CancellationToken token)&#xD;
   at OpenQA.Selenium.Support.UI.DefaultWait`1.Until[TResult](Func`2 condition)&#xD;
   at POM_Mobile_App_Automate_Stage.All_Pages.PasscodeVerification.ClickDigit(String digit) in C:\Users\Mutahir\source\repos\POM_Mobile_App_Automate_Stage\All_Pages\PasscodeVerification.cs:line 25&#xD;
   at POM_Mobile_App_Automate_Stage.All_Pages.PasscodeVerification.EnterPasscode(String passcode) in C:\Users\Mutahir\source\repos\POM_Mobile_App_Automate_Stage\All_Pages\PasscodeVerification.cs:line 42&#xD;
   at POM_Mobile_App_Automate_Stage.CompleteMethod.SanityMain.CompleteSignInFlow() in C:\Users\Mutahir\source\repos\POM_Mobile_App_Automate_Stage\CompleteMethod\SanityMain.cs:line 139&#xD;
--NoSuchElementException&#xD;
   at OpenQA.Selenium.WebDriver.UnpackAndThrowOnError(Response errorResponse, String commandToExecute)&#xD;
   at OpenQA.Selenium.WebDriver.ExecuteAsync(String driverCommandToExecute, Dictionary`2 parameters)&#xD;
   at OpenQA.Selenium.WebDriver.Execute(String driverCommandToExecute, Dictionary`2 parameters)&#xD;
   at OpenQA.Selenium.WebDriver.FindElement(String mechanism, String value)&#xD;
   at OpenQA.Selenium.Appium.AppiumDriver.FindElement(String by, String value)&#xD;
   at OpenQA.Selenium.Appium.ByAndroidUIAutomator.FindElement(ISearchContext context)&#xD;
   at SeleniumExtras.WaitHelpers.ExpectedConditions.&lt;&gt;c__DisplayClass19_0.&lt;ElementToBeClickable&gt;b__0(IWebDriver driver)&#xD;
   at OpenQA.Selenium.Support.UI.DefaultWait`1.Until[TResult](Func`2 condition, CancellationToken token)
</StackTrace>
        </ErrorInfo>
      </Output>
    </UnitTestResult>
  </Results>
  <TestDefinitions>
    <UnitTest name="CompleteSignInFlow" storage="c:\users\mutahir\source\repos\pom_mobile_app_automate_stage\bin\debug\net6.0\pom_mobile_app_automate_stage.dll" id="d224cf62-a072-2033-5d80-98a09bc9781a">
      <Execution id="515d892b-5ac3-4165-9998-1d0bdca8881a" />
      <TestMethod codeBase="C:\Users\Mutahir\source\repos\POM_Mobile_App_Automate_Stage\bin\Debug\net6.0\POM_Mobile_App_Automate_Stage.dll" adapterTypeName="executor://nunit3testexecutor/" className="POM_Mobile_App_Automate_Stage.CompleteMethod.MainDashboardFirstTimeKYCPendingZeroBalance" name="CompleteSignInFlow" />
    </UnitTest>
    <UnitTest name="CompleteSignInFlow" storage="c:\users\mutahir\source\repos\pom_mobile_app_automate_stage\bin\debug\net6.0\pom_mobile_app_automate_stage.dll" id="565c81ce-f46c-5348-7689-67980c5ea5e1">
      <Execution id="fd477cac-a98c-47a6-a026-0a91a23a7efd" />
      <TestMethod codeBase="C:\Users\Mutahir\source\repos\POM_Mobile_App_Automate_Stage\bin\Debug\net6.0\POM_Mobile_App_Automate_Stage.dll" adapterTypeName="executor://nunit3testexecutor/" className="POM_Mobile_App_Automate_Stage.CompleteMethod.SanityMain" name="CompleteSignInFlow" />
    </UnitTest>
  </TestDefinitions>
  <TestEntries>
    <TestEntry testId="d224cf62-a072-2033-5d80-98a09bc9781a" executionId="515d892b-5ac3-4165-9998-1d0bdca8881a" testListId="8c84fa94-04c1-424b-9868-57a2d4851a1d" />
    <TestEntry testId="565c81ce-f46c-5348-7689-67980c5ea5e1" executionId="fd477cac-a98c-47a6-a026-0a91a23a7efd" testListId="8c84fa94-04c1-424b-9868-57a2d4851a1d" />
  </TestEntries>
  <TestLists>
    <TestList name="Results Not in a List" id="8c84fa94-04c1-424b-9868-57a2d4851a1d" />
    <TestList name="All Loaded Results" id="19431567-8539-422a-85d7-44ee4e166bda" />
  </TestLists>
  <ResultSummary outcome="Failed">
    <Counters total="2" executed="2" passed="0" failed="2" error="0" timeout="0" aborted="0" inconclusive="0" passedButRunAborted="0" notRunnable="0" notExecuted="0" disconnected="0" warning="0" completed="0" inProgress="0" pending="0" />
    <Output>
      <StdOut>NUnit Adapter 4.3.1.0: Test execution started&#xD;
Running all tests in C:\Users\Mutahir\source\repos\POM_Mobile_App_Automate_Stage\bin\Debug\net6.0\POM_Mobile_App_Automate_Stage.dll&#xD;
   NUnit3TestExecutor discovered 2 of 2 NUnit test cases using Current Discovery mode, Non-Explicit run&#xD;
NUnit Adapter 4.3.1.0: Test execution complete&#xD;
</StdOut>
    </Output>
    <RunInfos>
      <RunInfo computerName="YAP-L-41-WIN11-" outcome="Warning" timestamp="2026-03-10T13:59:08.7745919+05:00">
        <Text>App launched successfully.&#xD;
Mobile number entered: 3364646412&#xD;
Sign In button clicked.&#xD;
Clearing previous passcode...&#xD;
No clear button found, will overwrite digits.&#xD;
Digit 0 clicked.&#xD;
Digit 9 clicked.&#xD;
Digit 8 clicked.&#xD;
Digit 7 clicked.&#xD;
Passcode entered: 0987&#xD;
Sign In button clicked.&#xD;
"No, thanks" button not found, skipping.&#xD;
Confirmation button not found, skipping.&#xD;
Driver not disposed, app remains open for manual testing.&#xD;
</Text>
      </RunInfo>
      <RunInfo computerName="YAP-L-41-WIN11-" outcome="Warning" timestamp="2026-03-10T13:59:49.6681638+05:00">
        <Text>App launched successfully.&#xD;
[RecordingScript] Starting continuous screen recording...&#xD;
[RecordingScript] Temp segments folder: C:\Users\Mutahir\AppData\Local\Temp\adb_rec_20260310_135915&#xD;
[RecordingScript] Recording segment 1 → /sdcard/rec_seg_0000.mp4&#xD;
Mobile number entered: 3211111111&#xD;
Remember ID switch toggled twice.&#xD;
Sign In button clicked.&#xD;
Digit 0 clicked.&#xD;
Digit 9 clicked.&#xD;
Digit 8 clicked.&#xD;
[RecordingScript] Stopping recording...&#xD;
[RecordingScript] Pulling segment 1...&#xD;
[RecordingScript] Segment 1 pulled (441 KB)&#xD;
[RecordingScript] Rotator loop finished.&#xD;
[RecordingScript] Video saved to: D:\ScreenshotFailed\ScriptVideo\CompleteSignInFlow_20260310_135949.mp4&#xD;
[TearDown] Test FAILED – capturing screenshot.&#xD;
[RecordingFailedScreenshots] Screenshot saved to: D:\ScreenshotFailed\FAILED_CompleteSignInFlow_20260310_135949.png&#xD;
TearDown executed. Driver left open, app remains running.&#xD;
</Text>
      </RunInfo>
    </RunInfos>
  </ResultSummary>
</TestRun>