<?xml version="1.0" encoding="utf-8"?>
<TestRun id="a73a000c-6d82-4033-9649-dea6cee02687" name="Mutahir@YAP-L-41-WIN11- 2026-03-11 13:40:15" runUser="YAP-L-41-WIN11-\Mutahir" xmlns="http://microsoft.com/schemas/VisualStudio/TeamTest/2010">
  <Times creation="2026-03-11T13:40:15.1661591+05:00" queuing="2026-03-11T13:40:15.1661597+05:00" start="2026-03-11T13:39:08.8606739+05:00" finish="2026-03-11T13:40:47.7889928+05:00" />
  <TestSettings name="default" id="5e9ffec7-a889-4a19-b2d9-29cd438196f4">
    <Deployment runDeploymentRoot="Mutahir_YAP-L-41-WIN11-_2026-03-11_13_40_15" />
  </TestSettings>
  <Results>
    <UnitTestResult executionId="506cd678-4f02-4053-b6f7-ec6293685891" testId="d224cf62-a072-2033-5d80-98a09bc9781a" testName="CompleteSignInFlow" computerName="YAP-L-41-WIN11-" duration="00:01:05.3258520" startTime="2026-03-11T13:39:09.7659734+05:00" endTime="2026-03-11T13:40:15.0917296+05:00" testType="13cdc9d9-ddb5-4fa4-a97d-d965ccfc6d4b" outcome="Failed" testListId="8c84fa94-04c1-424b-9868-57a2d4851a1d" relativeResultsDirectory="506cd678-4f02-4053-b6f7-ec6293685891">
      <Output>
        <StdOut>App launched successfully.&#xD;
Mobile number entered: 3364646412&#xD;
Sign In button clicked.&#xD;
Clearing previous passcode...&#xD;
No clear button found, will overwrite digits.&#xD;
Digit 0 clicked.&#xD;
Digit 9 clicked.&#xD;
Digit 8 clicked.&#xD;
Digit 7 clicked.&#xD;
Passcode entered: 0987&#xD;
Sign In button clicked.&#xD;
"No, thanks" button not found, skipping.&#xD;
Confirmation button not found, skipping.&#xD;
Driver not disposed, app remains open for manual testing.</StdOut>
        <ErrorInfo>
          <Message>OpenQA.Selenium.WebDriverTimeoutException : Timed out after 15 seconds&#xD;
  ----&gt; OpenQA.Selenium.NoSuchElementException : An element could not be located on the page using the given search parameters.; For documentation on this error, please visit: https://www.selenium.dev/documentation/webdriver/troubleshooting/errors#no-such-element-exception</Message>
          <StackTrace>   at OpenQA.Selenium.Support.UI.DefaultWait`1.ThrowTimeoutException(String exceptionMessage, Exception lastException)&#xD;
   at OpenQA.Selenium.Support.UI.DefaultWait`1.Until[TResult](Func`2 condition, CancellationToken token)&#xD;
   at OpenQA.Selenium.Support.UI.DefaultWait`1.Until[TResult](Func`2 condition)&#xD;
   at POM_Mobile_App_Automate_Stage.All_Pages.DashboardFirstTimeKYCPendingZeroBalance.ClickOnBalanceEye() in C:\Users\Mutahir\source\repos\POM_Mobile_App_Automate_Stage\All_Pages\DashboardFirstTimeKYCPendingZeroBalance.cs:line 25&#xD;
   at POM_Mobile_App_Automate_Stage.CompleteMethod.MainDashboardFirstTimeKYCPendingZeroBalance.CompleteSignInFlow() in C:\Users\Mutahir\source\repos\POM_Mobile_App_Automate_Stage\CompleteMethod\MainMethodsALL.cs:line 184&#xD;
--NoSuchElementException&#xD;
   at OpenQA.Selenium.WebDriver.UnpackAndThrowOnError(Response errorResponse, String commandToExecute)&#xD;
   at OpenQA.Selenium.WebDriver.Execute(String driverCommandToExecute, Dictionary`2 parameters)&#xD;
   at OpenQA.Selenium.WebDriver.FindElement(String mechanism, String value)&#xD;
   at OpenQA.Selenium.Appium.AppiumDriver.FindElement(String by, String value)&#xD;
   at OpenQA.Selenium.Appium.MobileBy.FindElement(ISearchContext context)&#xD;
   at POM_Mobile_App_Automate_Stage.All_Pages.DashboardFirstTimeKYCPendingZeroBalance.&lt;ClickOnBalanceEye&gt;b__4_0(IWebDriver d) in C:\Users\Mutahir\source\repos\POM_Mobile_App_Automate_Stage\All_Pages\DashboardFirstTimeKYCPendingZeroBalance.cs:line 27&#xD;
   at OpenQA.Selenium.Support.UI.DefaultWait`1.Until[TResult](Func`2 condition, CancellationToken token)
</StackTrace>
        </ErrorInfo>
      </Output>
    </UnitTestResult>
    <UnitTestResult executionId="fc93df66-d8f3-4e13-b071-2e8a5a6cdba2" testId="565c81ce-f46c-5348-7689-67980c5ea5e1" testName="CompleteSignInFlow" computerName="YAP-L-41-WIN11-" duration="00:00:32.5965250" startTime="2026-03-11T13:40:15.0962577+05:00" endTime="2026-03-11T13:40:47.6927824+05:00" testType="13cdc9d9-ddb5-4fa4-a97d-d965ccfc6d4b" outcome="Failed" testListId="8c84fa94-04c1-424b-9868-57a2d4851a1d" relativeResultsDirectory="fc93df66-d8f3-4e13-b071-2e8a5a6cdba2">
      <Output>
        <StdOut>App launched successfully.&#xD;
[RecordingScript] Starting continuous screen recording...&#xD;
[RecordingScript] Temp segments folder: C:\Users\Mutahir\AppData\Local\Temp\adb_rec_20260311_134021&#xD;
[RecordingScript] Recording segment 1 → /sdcard/rec_seg_0000.mp4&#xD;
[RecordingScript] Stopping recording...&#xD;
[RecordingScript] Pulling segment 1...&#xD;
[RecordingScript] Segment 1 pulled (312 KB)&#xD;
[RecordingScript] Rotator loop finished.&#xD;
[RecordingScript] Video saved to: D:\ScreenshotFailed\ScriptVideo\CompleteSignInFlow_20260311_134046.mp4&#xD;
[TearDown] Test FAILED – capturing screenshot.&#xD;
[RecordingFailedScreenshots] Screenshot saved to: D:\ScreenshotFailed\FAILED_CompleteSignInFlow_20260311_134046.png&#xD;
TearDown executed. Driver left open, app remains running.</StdOut>
        <ErrorInfo>
          <Message>OpenQA.Selenium.WebDriverTimeoutException : Timed out after 10 seconds&#xD;
  ----&gt; OpenQA.Selenium.NoSuchElementException : An element could not be located on the page using the given search parameters.; For documentation on this error, please visit: https://www.selenium.dev/documentation/webdriver/troubleshooting/errors#no-such-element-exception</Message>
          <StackTrace>   at OpenQA.Selenium.Support.UI.DefaultWait`1.ThrowTimeoutException(String exceptionMessage, Exception lastException)&#xD;
   at OpenQA.Selenium.Support.UI.DefaultWait`1.Until[TResult](Func`2 condition, CancellationToken token)&#xD;
   at OpenQA.Selenium.Support.UI.DefaultWait`1.Until[TResult](Func`2 condition)&#xD;
   at POM_Mobile_App_Automate_Stage.All_Pages.SignIn.EnterMobileNumber(String mobileNumber) in C:\Users\Mutahir\source\repos\POM_Mobile_App_Automate_Stage\All_Pages\SignIn.cs:line 26&#xD;
   at POM_Mobile_App_Automate_Stage.CompleteMethod.SanityMain.CompleteSignInFlow() in C:\Users\Mutahir\source\repos\POM_Mobile_App_Automate_Stage\CompleteMethod\SanityMain.cs:line 126&#xD;
--NoSuchElementException&#xD;
   at OpenQA.Selenium.WebDriver.UnpackAndThrowOnError(Response errorResponse, String commandToExecute)&#xD;
   at OpenQA.Selenium.WebDriver.Execute(String driverCommandToExecute, Dictionary`2 parameters)&#xD;
   at OpenQA.Selenium.WebDriver.FindElement(String mechanism, String value)&#xD;
   at SeleniumExtras.WaitHelpers.ExpectedConditions.&lt;&gt;c__DisplayClass19_0.&lt;ElementToBeClickable&gt;b__0(IWebDriver driver)&#xD;
   at OpenQA.Selenium.Support.UI.DefaultWait`1.Until[TResult](Func`2 condition, CancellationToken token)
</StackTrace>
        </ErrorInfo>
      </Output>
    </UnitTestResult>
  </Results>
  <TestDefinitions>
    <UnitTest name="CompleteSignInFlow" storage="c:\users\mutahir\source\repos\pom_mobile_app_automate_stage\bin\debug\net6.0\pom_mobile_app_automate_stage.dll" id="d224cf62-a072-2033-5d80-98a09bc9781a">
      <Execution id="506cd678-4f02-4053-b6f7-ec6293685891" />
      <TestMethod codeBase="C:\Users\Mutahir\source\repos\POM_Mobile_App_Automate_Stage\bin\Debug\net6.0\POM_Mobile_App_Automate_Stage.dll" adapterTypeName="executor://nunit3testexecutor/" className="POM_Mobile_App_Automate_Stage.CompleteMethod.MainDashboardFirstTimeKYCPendingZeroBalance" name="CompleteSignInFlow" />
    </UnitTest>
    <UnitTest name="CompleteSignInFlow" storage="c:\users\mutahir\source\repos\pom_mobile_app_automate_stage\bin\debug\net6.0\pom_mobile_app_automate_stage.dll" id="565c81ce-f46c-5348-7689-67980c5ea5e1">
      <Execution id="fc93df66-d8f3-4e13-b071-2e8a5a6cdba2" />
      <TestMethod codeBase="C:\Users\Mutahir\source\repos\POM_Mobile_App_Automate_Stage\bin\Debug\net6.0\POM_Mobile_App_Automate_Stage.dll" adapterTypeName="executor://nunit3testexecutor/" className="POM_Mobile_App_Automate_Stage.CompleteMethod.SanityMain" name="CompleteSignInFlow" />
    </UnitTest>
  </TestDefinitions>
  <TestEntries>
    <TestEntry testId="d224cf62-a072-2033-5d80-98a09bc9781a" executionId="506cd678-4f02-4053-b6f7-ec6293685891" testListId="8c84fa94-04c1-424b-9868-57a2d4851a1d" />
    <TestEntry testId="565c81ce-f46c-5348-7689-67980c5ea5e1" executionId="fc93df66-d8f3-4e13-b071-2e8a5a6cdba2" testListId="8c84fa94-04c1-424b-9868-57a2d4851a1d" />
  </TestEntries>
  <TestLists>
    <TestList name="Results Not in a List" id="8c84fa94-04c1-424b-9868-57a2d4851a1d" />
    <TestList name="All Loaded Results" id="19431567-8539-422a-85d7-44ee4e166bda" />
  </TestLists>
  <ResultSummary outcome="Failed">
    <Counters total="2" executed="2" passed="0" failed="2" error="0" timeout="0" aborted="0" inconclusive="0" passedButRunAborted="0" notRunnable="0" notExecuted="0" disconnected="0" warning="0" completed="0" inProgress="0" pending="0" />
    <Output>
      <StdOut>NUnit Adapter 4.5.0.0: Test execution started&#xD;
Running all tests in C:\Users\Mutahir\source\repos\POM_Mobile_App_Automate_Stage\bin\Debug\net6.0\POM_Mobile_App_Automate_Stage.dll&#xD;
   NUnit3TestExecutor discovered 2 of 2 NUnit test cases using Current Discovery mode, Non-Explicit run&#xD;
NUnit Adapter 4.5.0.0: Test execution complete&#xD;
</StdOut>
    </Output>
    <RunInfos>
      <RunInfo computerName="YAP-L-41-WIN11-" outcome="Warning" timestamp="2026-03-11T13:40:15.1255214+05:00">
        <Text>App launched successfully.&#xD;
Mobile number entered: 3364646412&#xD;
Sign In button clicked.&#xD;
Clearing previous passcode...&#xD;
No clear button found, will overwrite digits.&#xD;
Digit 0 clicked.&#xD;
Digit 9 clicked.&#xD;
Digit 8 clicked.&#xD;
Digit 7 clicked.&#xD;
Passcode entered: 0987&#xD;
Sign In button clicked.&#xD;
"No, thanks" button not found, skipping.&#xD;
Confirmation button not found, skipping.&#xD;
Driver not disposed, app remains open for manual testing.&#xD;
</Text>
      </RunInfo>
      <RunInfo computerName="YAP-L-41-WIN11-" outcome="Warning" timestamp="2026-03-11T13:40:47.6941345+05:00">
        <Text>App launched successfully.&#xD;
[RecordingScript] Starting continuous screen recording...&#xD;
[RecordingScript] Temp segments folder: C:\Users\Mutahir\AppData\Local\Temp\adb_rec_20260311_134021&#xD;
[RecordingScript] Recording segment 1 → /sdcard/rec_seg_0000.mp4&#xD;
[RecordingScript] Stopping recording...&#xD;
[RecordingScript] Pulling segment 1...&#xD;
[RecordingScript] Segment 1 pulled (312 KB)&#xD;
[RecordingScript] Rotator loop finished.&#xD;
[RecordingScript] Video saved to: D:\ScreenshotFailed\ScriptVideo\CompleteSignInFlow_20260311_134046.mp4&#xD;
[TearDown] Test FAILED – capturing screenshot.&#xD;
[RecordingFailedScreenshots] Screenshot saved to: D:\ScreenshotFailed\FAILED_CompleteSignInFlow_20260311_134046.png&#xD;
TearDown executed. Driver left open, app remains running.&#xD;
</Text>
      </RunInfo>
    </RunInfos>
  </ResultSummary>
</TestRun>